<!DOCTYPE html PUBLIC "-//W3C//DTD XHTML 1.1//EN" "http://www.w3.org/TR/xhtml11/DTD/xhtml11.dtd">
<html xmlns="http://www.w3.org/1999/xhtml">
<head>
<meta http-equiv="content-type" content="text/html; charset=UTF-8"/>
<title>TestNG Report</title>
<style type="text/css">table {margin-bottom:10px;border-collapse:collapse;empty-cells:show}th,td {border:1px solid #009;padding:.25em .5em}th {vertical-align:bottom}td {vertical-align:top}table a {font-weight:bold}.stripe td {background-color: #E6EBF9}.num {text-align:right}.passedodd td {background-color: #3F3}.passedeven td {background-color: #0A0}.skippedodd td {background-color: #DDD}.skippedeven td {background-color: #CCC}.failedodd td,.attn {background-color: #F33}.failedeven td,.stripe .attn {background-color: #D00}.stacktrace {white-space:pre;font-family:monospace}.totop {font-size:85%;text-align:center;border-bottom:2px solid #000}.invisible {display:none}</style>
</head>
<body>
<table>
<tr><th>Test</th><th># Passed</th><th># Skipped</th><th># Retried</th><th># Failed</th><th>Time (ms)</th><th>Included Groups</th><th>Excluded Groups</th></tr>
<tr><th colspan="8">Saucedemo Smoke</th></tr>
<tr><td><a href="#t0">Login with standard_user</a></td><td class="num">1</td><td class="num">0</td><td class="num">0</td><td class="num">0</td><td class="num">9,182</td><td></td><td></td></tr>
<tr class="stripe"><td><a href="#t1">Login with locked_out_user</a></td><td class="num">1</td><td class="num">0</td><td class="num">0</td><td class="num">0</td><td class="num">5,816</td><td></td><td></td></tr>
<tr><td><a href="#t2">Login with problem_user</a></td><td class="num">1</td><td class="num">0</td><td class="num">0</td><td class="num">0</td><td class="num">5,018</td><td></td><td></td></tr>
<tr class="stripe"><td><a href="#t3">Login with performance_glitch_user</a></td><td class="num">1</td><td class="num">0</td><td class="num">0</td><td class="num">0</td><td class="num">9,765</td><td></td><td></td></tr>
<tr><td><a href="#t4">Add product to cart</a></td><td class="num">3</td><td class="num">0</td><td class="num">0</td><td class="num attn">1</td><td class="num">8,721</td><td></td><td></td></tr>
<tr class="stripe"><td><a href="#t5">Elements check in Homepage</a></td><td class="num">1</td><td class="num">0</td><td class="num">0</td><td class="num">0</td><td class="num">4,303</td><td></td><td></td></tr>
<tr><td><a href="#t6">CheckoutPageTest test cases</a></td><td class="num">2</td><td class="num">0</td><td class="num">0</td><td class="num">0</td><td class="num">8,220</td><td></td><td></td></tr>
<tr class="stripe"><td><a href="#t7">ProductPageTest test cases</a></td><td class="num">3</td><td class="num">0</td><td class="num">0</td><td class="num attn">1</td><td class="num">8,059</td><td></td><td></td></tr>
<tr><td><a href="#t8">OrderPageTest</a></td><td class="num">2</td><td class="num">0</td><td class="num">0</td><td class="num">0</td><td class="num">8,278</td><td></td><td></td></tr>
<tr><th>Total</th><th class="num">15</th><th class="num">0</th><th class="num">0</th><th class="num attn">2</th><th class="num">67,362</th><th colspan="2"></th></tr>
</table>
<table id='summary'><thead><tr><th>Class</th><th>Method</th><th>Start</th><th>Time (ms)</th></tr></thead><tbody><tr><th colspan="4">Saucedemo Smoke</th></tr></tbody><tbody id="t0"><tr><th colspan="4">Login with standard_user &#8212; passed</th></tr><tr class="passedeven"><td rowspan="1">tests.LoginPageTest</td><td><a href="#m0">verifyLogin</a></td><td rowspan="1">1686685438289</td><td rowspan="1">1033</td></tr></tbody>
<tbody id="t1"><tr><th colspan="4">Login with locked_out_user &#8212; passed</th></tr><tr class="passedeven"><td rowspan="1">tests.LoginPageTest</td><td><a href="#m1">verifyLogin</a></td><td rowspan="1">1686685444212</td><td rowspan="1">1077</td></tr></tbody>
<tbody id="t2"><tr><th colspan="4">Login with problem_user &#8212; passed</th></tr><tr class="passedeven"><td rowspan="1">tests.LoginPageTest</td><td><a href="#m2">verifyLogin</a></td><td rowspan="1">1686685449237</td><td rowspan="1">968</td></tr></tbody>
<tbody id="t3"><tr><th colspan="4">Login with performance_glitch_user &#8212; passed</th></tr><tr class="passedeven"><td rowspan="1">tests.LoginPageTest</td><td><a href="#m3">verifyLogin</a></td><td rowspan="1">1686685454182</td><td rowspan="1">5987</td></tr></tbody>
<tbody id="t4"><tr><th colspan="4">Add product to cart &#8212; failed</th></tr><tr class="failedeven"><td rowspan="1">tests.ProductPageTest</td><td><a href="#m4">verifyProceedToCheckout</a></td><td rowspan="1">1686685468522</td><td rowspan="1">78</td></tr><tr><th colspan="4">Add product to cart &#8212; passed</th></tr><tr class="passedeven"><td rowspan="3">tests.ProductPageTest</td><td><a href="#m5">verifyAddToCart</a></td><td rowspan="1">1686685467509</td><td rowspan="1">1006</td></tr><tr class="passedeven"><td><a href="#m6">verifyContinueShopping</a></td><td rowspan="1">1686685466053</td><td rowspan="1">1452</td></tr><tr class="passedeven"><td><a href="#m7">verifyRemoveFromCart</a></td><td rowspan="1">1686685464049</td><td rowspan="1">1997</td></tr></tbody>
<tbody id="t5"><tr><th colspan="4">Elements check in Homepage &#8212; passed</th></tr><tr class="passedeven"><td rowspan="1">tests.HomePageTest</td><td><a href="#m8">verifyHomePage</a></td><td rowspan="1">1686685472972</td><td rowspan="1">211</td></tr></tbody>
<tbody id="t6"><tr><th colspan="4">CheckoutPageTest test cases &#8212; passed</th></tr><tr class="passedeven"><td rowspan="2">tests.CheckoutPageTest</td><td><a href="#m9">verifyCheckoutPage</a></td><td rowspan="1">1686685477332</td><td rowspan="1">2001</td></tr><tr class="passedeven"><td><a href="#m10">verifyContinueCheckout</a></td><td rowspan="1">1686685479335</td><td rowspan="1">2245</td></tr></tbody>
<tbody id="t7"><tr><th colspan="4">ProductPageTest test cases &#8212; failed</th></tr><tr class="failedeven"><td rowspan="1">tests.ProductPageTest</td><td><a href="#m11">verifyProceedToCheckout</a></td><td rowspan="1">1686685489310</td><td rowspan="1">51</td></tr><tr><th colspan="4">ProductPageTest test cases &#8212; passed</th></tr><tr class="passedeven"><td rowspan="3">tests.ProductPageTest</td><td><a href="#m12">verifyAddToCart</a></td><td rowspan="1">1686685488342</td><td rowspan="1">963</td></tr><tr class="passedeven"><td><a href="#m13">verifyContinueShopping</a></td><td rowspan="1">1686685486891</td><td rowspan="1">1440</td></tr><tr class="passedeven"><td><a href="#m14">verifyRemoveFromCart</a></td><td rowspan="1">1686685485020</td><td rowspan="1">1868</td></tr></tbody>
<tbody id="t8"><tr><th colspan="4">OrderPageTest &#8212; passed</th></tr><tr class="passedeven"><td rowspan="2">tests.OrderPageTest</td><td><a href="#m15">verifyContinueOrder</a></td><td rowspan="1">1686685495462</td><td rowspan="1">2481</td></tr><tr class="passedeven"><td><a href="#m16">verifyOrderPage</a></td><td rowspan="1">1686685493407</td><td rowspan="1">2053</td></tr></tbody>
</table>
<h2>Login with standard_user</h2><h3 id="m0">tests.LoginPageTest#verifyLogin</h3><table class="result"><tr class="param"><th>Parameter #1</th><th>Parameter #2</th><th>Parameter #3</th></tr><tr class="param stripe"><td>standard_user</td><td>secret_sauce</td><td>yes</td></tr></table><p class="totop"><a href="#summary">back to summary</a></p>
<h2>Login with locked_out_user</h2><h3 id="m1">tests.LoginPageTest#verifyLogin</h3><table class="result"><tr class="param"><th>Parameter #1</th><th>Parameter #2</th><th>Parameter #3</th></tr><tr class="param stripe"><td>locked_out_user</td><td>secret_sauce</td><td>no</td></tr></table><p class="totop"><a href="#summary">back to summary</a></p>
<h2>Login with problem_user</h2><h3 id="m2">tests.LoginPageTest#verifyLogin</h3><table class="result"><tr class="param"><th>Parameter #1</th><th>Parameter #2</th><th>Parameter #3</th></tr><tr class="param stripe"><td>problem_user</td><td>secret_sauce</td><td>yes</td></tr></table><p class="totop"><a href="#summary">back to summary</a></p>
<h2>Login with performance_glitch_user</h2><h3 id="m3">tests.LoginPageTest#verifyLogin</h3><table class="result"><tr class="param"><th>Parameter #1</th><th>Parameter #2</th><th>Parameter #3</th></tr><tr class="param stripe"><td>performance_glitch_user</td><td>secret_sauce</td><td>yes</td></tr></table><p class="totop"><a href="#summary">back to summary</a></p>
<h2>Add product to cart</h2><h3 id="m4">tests.ProductPageTest#verifyProceedToCheckout</h3><table class="result"><tr class="param"><th>Parameter #1</th><th>Parameter #2</th><th>Parameter #3</th></tr><tr class="param stripe"><td>standard_user</td><td>secret_sauce</td><td>yes</td></tr><tr><th colspan="3">Exception</th></tr><tr><td colspan="3"><div class="stacktrace">org.openqa.selenium.NoSuchElementException: no such element: Unable to locate element: {&quot;method&quot;:&quot;css selector&quot;,&quot;selector&quot;:&quot;#user\-name&quot;}
  (Session info: chrome=114.0.5735.110)
For documentation on this error, please visit: https://www.seleniumhq.org/exceptions/no_such_element.html
Build info: version: &apos;3.141.59&apos;, revision: &apos;e82be7d358&apos;, time: &apos;2018-11-14T08:17:03&apos;
System info: host: &apos;DESKTOP-LR00Q52&apos;, ip: &apos;192.168.1.96&apos;, os.name: &apos;Windows 11&apos;, os.arch: &apos;amd64&apos;, os.version: &apos;10.0&apos;, java.version: &apos;1.8.0_371&apos;
Driver info: org.openqa.selenium.chrome.ChromeDriver
Capabilities {acceptInsecureCerts: false, browserName: chrome, browserVersion: 114.0.5735.110, chrome: {chromedriverVersion: 114.0.5735.90 (386bc09e8f4f..., userDataDir: C:\Users\sride\AppData\Loca...}, goog:chromeOptions: {debuggerAddress: localhost:60678}, javascriptEnabled: true, networkConnectionEnabled: false, pageLoadStrategy: normal, platform: WINDOWS, platformName: WINDOWS, proxy: Proxy(), setWindowRect: true, strictFileInteractability: false, timeouts: {implicit: 0, pageLoad: 300000, script: 30000}, unhandledPromptBehavior: dismiss and notify, webauthn:extension:credBlob: true, webauthn:extension:largeBlob: true, webauthn:extension:minPinLength: true, webauthn:extension:prf: true, webauthn:virtualAuthenticators: true}
Session ID: 99fce65666cb400e68cb60154a37647e
*** Element info: {Using=id, value=user-name}
	at org.openqa.selenium.remote.http.W3CHttpResponseCodec.createException(W3CHttpResponseCodec.java:187)
	at org.openqa.selenium.remote.http.W3CHttpResponseCodec.decode(W3CHttpResponseCodec.java:122)
	at org.openqa.selenium.remote.http.W3CHttpResponseCodec.decode(W3CHttpResponseCodec.java:49)
	at org.openqa.selenium.remote.HttpCommandExecutor.execute(HttpCommandExecutor.java:158)
	at org.openqa.selenium.remote.service.DriverCommandExecutor.execute(DriverCommandExecutor.java:83)
	at org.openqa.selenium.remote.RemoteWebDriver.execute(RemoteWebDriver.java:552)
	at org.openqa.selenium.remote.RemoteWebDriver.findElement(RemoteWebDriver.java:323)
	at org.openqa.selenium.remote.RemoteWebDriver.findElementById(RemoteWebDriver.java:372)
	at org.openqa.selenium.By$ById.findElement(By.java:188)
	at org.openqa.selenium.remote.RemoteWebDriver.findElement(RemoteWebDriver.java:315)
	at pages.LoginPage.typeUsername(LoginPage.java:38)
	at tests.ProductPageTest.login(ProductPageTest.java:20)
	at tests.ProductPageTest.verifyProceedToCheckout(ProductPageTest.java:76)
	at java.util.ArrayList.forEach(Unknown Source)
... Removed 31 stack frames</div></td></tr></table><p class="totop"><a href="#summary">back to summary</a></p>
<h3 id="m5">tests.ProductPageTest#verifyAddToCart</h3><table class="result"><tr class="param"><th>Parameter #1</th><th>Parameter #2</th><th>Parameter #3</th></tr><tr class="param stripe"><td>standard_user</td><td>secret_sauce</td><td>yes</td></tr></table><p class="totop"><a href="#summary">back to summary</a></p>
<h3 id="m6">tests.ProductPageTest#verifyContinueShopping</h3><table class="result"><tr class="param"><th>Parameter #1</th><th>Parameter #2</th><th>Parameter #3</th></tr><tr class="param stripe"><td>standard_user</td><td>secret_sauce</td><td>yes</td></tr></table><p class="totop"><a href="#summary">back to summary</a></p>
<h3 id="m7">tests.ProductPageTest#verifyRemoveFromCart</h3><table class="result"><tr class="param"><th>Parameter #1</th><th>Parameter #2</th><th>Parameter #3</th></tr><tr class="param stripe"><td>standard_user</td><td>secret_sauce</td><td>yes</td></tr></table><p class="totop"><a href="#summary">back to summary</a></p>
<h2>Elements check in Homepage</h2><h3 id="m8">tests.HomePageTest#verifyHomePage</h3><table class="result"><tr><th class="invisible"/></tr></table><p class="totop"><a href="#summary">back to summary</a></p>
<h2>CheckoutPageTest test cases</h2><h3 id="m9">tests.CheckoutPageTest#verifyCheckoutPage</h3><table class="result"><tr class="param"><th>Parameter #1</th><th>Parameter #2</th><th>Parameter #3</th></tr><tr class="param stripe"><td>standard_user</td><td>secret_sauce</td><td>yes</td></tr></table><p class="totop"><a href="#summary">back to summary</a></p>
<h3 id="m10">tests.CheckoutPageTest#verifyContinueCheckout</h3><table class="result"><tr class="param"><th>Parameter #1</th><th>Parameter #2</th><th>Parameter #3</th></tr><tr class="param stripe"><td>standard_user</td><td>secret_sauce</td><td>yes</td></tr></table><p class="totop"><a href="#summary">back to summary</a></p>
<h2>ProductPageTest test cases</h2><h3 id="m11">tests.ProductPageTest#verifyProceedToCheckout</h3><table class="result"><tr class="param"><th>Parameter #1</th><th>Parameter #2</th><th>Parameter #3</th></tr><tr class="param stripe"><td>standard_user</td><td>secret_sauce</td><td>yes</td></tr><tr><th colspan="3">Exception</th></tr><tr><td colspan="3"><div class="stacktrace">org.openqa.selenium.NoSuchElementException: no such element: Unable to locate element: {&quot;method&quot;:&quot;css selector&quot;,&quot;selector&quot;:&quot;#user\-name&quot;}
  (Session info: chrome=114.0.5735.110)
For documentation on this error, please visit: https://www.seleniumhq.org/exceptions/no_such_element.html
Build info: version: &apos;3.141.59&apos;, revision: &apos;e82be7d358&apos;, time: &apos;2018-11-14T08:17:03&apos;
System info: host: &apos;DESKTOP-LR00Q52&apos;, ip: &apos;192.168.1.96&apos;, os.name: &apos;Windows 11&apos;, os.arch: &apos;amd64&apos;, os.version: &apos;10.0&apos;, java.version: &apos;1.8.0_371&apos;
Driver info: org.openqa.selenium.chrome.ChromeDriver
Capabilities {acceptInsecureCerts: false, browserName: chrome, browserVersion: 114.0.5735.110, chrome: {chromedriverVersion: 114.0.5735.90 (386bc09e8f4f..., userDataDir: C:\Users\sride\AppData\Loca...}, goog:chromeOptions: {debuggerAddress: localhost:60747}, javascriptEnabled: true, networkConnectionEnabled: false, pageLoadStrategy: normal, platform: WINDOWS, platformName: WINDOWS, proxy: Proxy(), setWindowRect: true, strictFileInteractability: false, timeouts: {implicit: 0, pageLoad: 300000, script: 30000}, unhandledPromptBehavior: dismiss and notify, webauthn:extension:credBlob: true, webauthn:extension:largeBlob: true, webauthn:extension:minPinLength: true, webauthn:extension:prf: true, webauthn:virtualAuthenticators: true}
Session ID: da823a31c3739e8ceaaef73670f4a7d9
*** Element info: {Using=id, value=user-name}
	at org.openqa.selenium.remote.http.W3CHttpResponseCodec.createException(W3CHttpResponseCodec.java:187)
	at org.openqa.selenium.remote.http.W3CHttpResponseCodec.decode(W3CHttpResponseCodec.java:122)
	at org.openqa.selenium.remote.http.W3CHttpResponseCodec.decode(W3CHttpResponseCodec.java:49)
	at org.openqa.selenium.remote.HttpCommandExecutor.execute(HttpCommandExecutor.java:158)
	at org.openqa.selenium.remote.service.DriverCommandExecutor.execute(DriverCommandExecutor.java:83)
	at org.openqa.selenium.remote.RemoteWebDriver.execute(RemoteWebDriver.java:552)
	at org.openqa.selenium.remote.RemoteWebDriver.findElement(RemoteWebDriver.java:323)
	at org.openqa.selenium.remote.RemoteWebDriver.findElementById(RemoteWebDriver.java:372)
	at org.openqa.selenium.By$ById.findElement(By.java:188)
	at org.openqa.selenium.remote.RemoteWebDriver.findElement(RemoteWebDriver.java:315)
	at pages.LoginPage.typeUsername(LoginPage.java:38)
	at tests.ProductPageTest.login(ProductPageTest.java:20)
	at tests.ProductPageTest.verifyProceedToCheckout(ProductPageTest.java:76)
	at java.util.ArrayList.forEach(Unknown Source)
... Removed 31 stack frames</div></td></tr></table><p class="totop"><a href="#summary">back to summary</a></p>
<h3 id="m12">tests.ProductPageTest#verifyAddToCart</h3><table class="result"><tr class="param"><th>Parameter #1</th><th>Parameter #2</th><th>Parameter #3</th></tr><tr class="param stripe"><td>standard_user</td><td>secret_sauce</td><td>yes</td></tr></table><p class="totop"><a href="#summary">back to summary</a></p>
<h3 id="m13">tests.ProductPageTest#verifyContinueShopping</h3><table class="result"><tr class="param"><th>Parameter #1</th><th>Parameter #2</th><th>Parameter #3</th></tr><tr class="param stripe"><td>standard_user</td><td>secret_sauce</td><td>yes</td></tr></table><p class="totop"><a href="#summary">back to summary</a></p>
<h3 id="m14">tests.ProductPageTest#verifyRemoveFromCart</h3><table class="result"><tr class="param"><th>Parameter #1</th><th>Parameter #2</th><th>Parameter #3</th></tr><tr class="param stripe"><td>standard_user</td><td>secret_sauce</td><td>yes</td></tr></table><p class="totop"><a href="#summary">back to summary</a></p>
<h2>OrderPageTest</h2><h3 id="m15">tests.OrderPageTest#verifyContinueOrder</h3><table class="result"><tr class="param"><th>Parameter #1</th><th>Parameter #2</th><th>Parameter #3</th></tr><tr class="param stripe"><td>standard_user</td><td>secret_sauce</td><td>yes</td></tr></table><p class="totop"><a href="#summary">back to summary</a></p>
<h3 id="m16">tests.OrderPageTest#verifyOrderPage</h3><table class="result"><tr class="param"><th>Parameter #1</th><th>Parameter #2</th><th>Parameter #3</th></tr><tr class="param stripe"><td>standard_user</td><td>secret_sauce</td><td>yes</td></tr></table><p class="totop"><a href="#summary">back to summary</a></p>
</body>
</html>
