<?xml version="1.0" encoding="UTF-8"?>
<testng-results skipped="0" failed="2" ignored="0" total="17" passed="15">
  <reporter-output>
  </reporter-output>
  <suite name="Saucedemo Smoke" duration-ms="67775" started-at="2023-06-13T15:43:50 EDT" finished-at="2023-06-13T15:44:58 EDT">
    <groups>
    </groups>
    <test name="Login with standard_user" duration-ms="9182" started-at="2023-06-13T15:43:50 EDT" finished-at="2023-06-13T15:44:00 EDT">
      <class name="tests.LoginPageTest">
        <test-method status="PASS" signature="setup(org.testng.ITestContext)[pri:0, instance:tests.LoginPageTest@15d0c81b]" name="setup" is-config="true" duration-ms="7254" started-at="2023-06-13T15:43:51 EDT" finished-at="2023-06-13T15:43:58 EDT">
          <params>
            <param index="0">
              <value>
                <![CDATA[org.testng.TestRunner@319642db]]>
              </value>
            </param>
          </params>
          <reporter-output>
          </reporter-output>
        </test-method> <!-- setup -->
        <test-method status="PASS" signature="verifyLogin(java.lang.String, java.lang.String, java.lang.String)[pri:0, instance:tests.LoginPageTest@15d0c81b]" name="verifyLogin" duration-ms="1033" started-at="2023-06-13T15:43:58 EDT" finished-at="2023-06-13T15:43:59 EDT">
          <params>
            <param index="0">
              <value>
                <![CDATA[standard_user]]>
              </value>
            </param>
            <param index="1">
              <value>
                <![CDATA[secret_sauce]]>
              </value>
            </param>
            <param index="2">
              <value>
                <![CDATA[yes]]>
              </value>
            </param>
          </params>
          <reporter-output>
          </reporter-output>
        </test-method> <!-- verifyLogin -->
        <test-method status="PASS" signature="tearDown()[pri:0, instance:tests.LoginPageTest@15d0c81b]" name="tearDown" is-config="true" duration-ms="811" started-at="2023-06-13T15:43:59 EDT" finished-at="2023-06-13T15:44:00 EDT">
          <reporter-output>
          </reporter-output>
        </test-method> <!-- tearDown -->
      </class> <!-- tests.LoginPageTest -->
    </test> <!-- Login with standard_user -->
    <test name="Login with locked_out_user" duration-ms="5816" started-at="2023-06-13T15:44:00 EDT" finished-at="2023-06-13T15:44:06 EDT">
      <class name="tests.LoginPageTest">
        <test-method status="PASS" signature="setup(org.testng.ITestContext)[pri:0, instance:tests.LoginPageTest@78e67e0a]" name="setup" is-config="true" duration-ms="3899" started-at="2023-06-13T15:44:00 EDT" finished-at="2023-06-13T15:44:04 EDT">
          <params>
            <param index="0">
              <value>
                <![CDATA[org.testng.TestRunner@59498d94]]>
              </value>
            </param>
          </params>
          <reporter-output>
          </reporter-output>
        </test-method> <!-- setup -->
        <test-method status="PASS" signature="verifyLogin(java.lang.String, java.lang.String, java.lang.String)[pri:0, instance:tests.LoginPageTest@78e67e0a]" name="verifyLogin" duration-ms="1077" started-at="2023-06-13T15:44:04 EDT" finished-at="2023-06-13T15:44:05 EDT">
          <params>
            <param index="0">
              <value>
                <![CDATA[locked_out_user]]>
              </value>
            </param>
            <param index="1">
              <value>
                <![CDATA[secret_sauce]]>
              </value>
            </param>
            <param index="2">
              <value>
                <![CDATA[no]]>
              </value>
            </param>
          </params>
          <reporter-output>
          </reporter-output>
        </test-method> <!-- verifyLogin -->
        <test-method status="PASS" signature="tearDown()[pri:0, instance:tests.LoginPageTest@78e67e0a]" name="tearDown" is-config="true" duration-ms="824" started-at="2023-06-13T15:44:05 EDT" finished-at="2023-06-13T15:44:06 EDT">
          <reporter-output>
          </reporter-output>
        </test-method> <!-- tearDown -->
      </class> <!-- tests.LoginPageTest -->
    </test> <!-- Login with locked_out_user -->
    <test name="Login with problem_user" duration-ms="5018" started-at="2023-06-13T15:44:06 EDT" finished-at="2023-06-13T15:44:11 EDT">
      <class name="tests.LoginPageTest">
        <test-method status="PASS" signature="setup(org.testng.ITestContext)[pri:0, instance:tests.LoginPageTest@480bdb19]" name="setup" is-config="true" duration-ms="3075" started-at="2023-06-13T15:44:06 EDT" finished-at="2023-06-13T15:44:09 EDT">
          <params>
            <param index="0">
              <value>
                <![CDATA[org.testng.TestRunner@35bfa1bb]]>
              </value>
            </param>
          </params>
          <reporter-output>
          </reporter-output>
        </test-method> <!-- setup -->
        <test-method status="PASS" signature="verifyLogin(java.lang.String, java.lang.String, java.lang.String)[pri:0, instance:tests.LoginPageTest@480bdb19]" name="verifyLogin" duration-ms="968" started-at="2023-06-13T15:44:09 EDT" finished-at="2023-06-13T15:44:10 EDT">
          <params>
            <param index="0">
              <value>
                <![CDATA[problem_user]]>
              </value>
            </param>
            <param index="1">
              <value>
                <![CDATA[secret_sauce]]>
              </value>
            </param>
            <param index="2">
              <value>
                <![CDATA[yes]]>
              </value>
            </param>
          </params>
          <reporter-output>
          </reporter-output>
        </test-method> <!-- verifyLogin -->
        <test-method status="PASS" signature="tearDown()[pri:0, instance:tests.LoginPageTest@480bdb19]" name="tearDown" is-config="true" duration-ms="968" started-at="2023-06-13T15:44:10 EDT" finished-at="2023-06-13T15:44:11 EDT">
          <reporter-output>
          </reporter-output>
        </test-method> <!-- tearDown -->
      </class> <!-- tests.LoginPageTest -->
    </test> <!-- Login with problem_user -->
    <test name="Login with performance_glitch_user" duration-ms="9765" started-at="2023-06-13T15:44:11 EDT" finished-at="2023-06-13T15:44:20 EDT">
      <class name="tests.LoginPageTest">
        <test-method status="PASS" signature="setup(org.testng.ITestContext)[pri:0, instance:tests.LoginPageTest@4d50efb8]" name="setup" is-config="true" duration-ms="2962" started-at="2023-06-13T15:44:11 EDT" finished-at="2023-06-13T15:44:14 EDT">
          <params>
            <param index="0">
              <value>
                <![CDATA[org.testng.TestRunner@6b321262]]>
              </value>
            </param>
          </params>
          <reporter-output>
          </reporter-output>
        </test-method> <!-- setup -->
        <test-method status="PASS" signature="verifyLogin(java.lang.String, java.lang.String, java.lang.String)[pri:0, instance:tests.LoginPageTest@4d50efb8]" name="verifyLogin" duration-ms="5987" started-at="2023-06-13T15:44:14 EDT" finished-at="2023-06-13T15:44:20 EDT">
          <params>
            <param index="0">
              <value>
                <![CDATA[performance_glitch_user]]>
              </value>
            </param>
            <param index="1">
              <value>
                <![CDATA[secret_sauce]]>
              </value>
            </param>
            <param index="2">
              <value>
                <![CDATA[yes]]>
              </value>
            </param>
          </params>
          <reporter-output>
          </reporter-output>
        </test-method> <!-- verifyLogin -->
        <test-method status="PASS" signature="tearDown()[pri:0, instance:tests.LoginPageTest@4d50efb8]" name="tearDown" is-config="true" duration-ms="808" started-at="2023-06-13T15:44:20 EDT" finished-at="2023-06-13T15:44:20 EDT">
          <reporter-output>
          </reporter-output>
        </test-method> <!-- tearDown -->
      </class> <!-- tests.LoginPageTest -->
    </test> <!-- Login with performance_glitch_user -->
    <test name="Add product to cart" duration-ms="8721" started-at="2023-06-13T15:44:21 EDT" finished-at="2023-06-13T15:44:29 EDT">
      <class name="tests.ProductPageTest">
        <test-method status="PASS" signature="setup(org.testng.ITestContext)[pri:0, instance:tests.ProductPageTest@631330c]" name="setup" is-config="true" duration-ms="3016" started-at="2023-06-13T15:44:21 EDT" finished-at="2023-06-13T15:44:24 EDT">
          <params>
            <param index="0">
              <value>
                <![CDATA[org.testng.TestRunner@68b11545]]>
              </value>
            </param>
          </params>
          <reporter-output>
          </reporter-output>
        </test-method> <!-- setup -->
        <test-method status="PASS" signature="verifyRemoveFromCart(java.lang.String, java.lang.String, java.lang.String)[pri:1, instance:tests.ProductPageTest@631330c]" name="verifyRemoveFromCart" duration-ms="1997" started-at="2023-06-13T15:44:24 EDT" finished-at="2023-06-13T15:44:26 EDT">
          <params>
            <param index="0">
              <value>
                <![CDATA[standard_user]]>
              </value>
            </param>
            <param index="1">
              <value>
                <![CDATA[secret_sauce]]>
              </value>
            </param>
            <param index="2">
              <value>
                <![CDATA[yes]]>
              </value>
            </param>
          </params>
          <reporter-output>
          </reporter-output>
        </test-method> <!-- verifyRemoveFromCart -->
        <test-method status="PASS" signature="verifyContinueShopping(java.lang.String, java.lang.String, java.lang.String)[pri:2, instance:tests.ProductPageTest@631330c]" name="verifyContinueShopping" duration-ms="1452" started-at="2023-06-13T15:44:26 EDT" finished-at="2023-06-13T15:44:27 EDT">
          <params>
            <param index="0">
              <value>
                <![CDATA[standard_user]]>
              </value>
            </param>
            <param index="1">
              <value>
                <![CDATA[secret_sauce]]>
              </value>
            </param>
            <param index="2">
              <value>
                <![CDATA[yes]]>
              </value>
            </param>
          </params>
          <reporter-output>
          </reporter-output>
        </test-method> <!-- verifyContinueShopping -->
        <test-method status="PASS" signature="verifyAddToCart(java.lang.String, java.lang.String, java.lang.String)[pri:3, instance:tests.ProductPageTest@631330c]" name="verifyAddToCart" duration-ms="1006" started-at="2023-06-13T15:44:27 EDT" finished-at="2023-06-13T15:44:28 EDT">
          <params>
            <param index="0">
              <value>
                <![CDATA[standard_user]]>
              </value>
            </param>
            <param index="1">
              <value>
                <![CDATA[secret_sauce]]>
              </value>
            </param>
            <param index="2">
              <value>
                <![CDATA[yes]]>
              </value>
            </param>
          </params>
          <reporter-output>
          </reporter-output>
        </test-method> <!-- verifyAddToCart -->
        <test-method status="FAIL" signature="verifyProceedToCheckout(java.lang.String, java.lang.String, java.lang.String)[pri:4, instance:tests.ProductPageTest@631330c]" name="verifyProceedToCheckout" duration-ms="78" started-at="2023-06-13T15:44:28 EDT" finished-at="2023-06-13T15:44:28 EDT">
          <params>
            <param index="0">
              <value>
                <![CDATA[standard_user]]>
              </value>
            </param>
            <param index="1">
              <value>
                <![CDATA[secret_sauce]]>
              </value>
            </param>
            <param index="2">
              <value>
                <![CDATA[yes]]>
              </value>
            </param>
          </params>
          <exception class="org.openqa.selenium.NoSuchElementException">
            <message>
              <![CDATA[no such element: Unable to locate element: {"method":"css selector","selector":"#user\-name"}
  (Session info: chrome=114.0.5735.110)
For documentation on this error, please visit: https://www.seleniumhq.org/exceptions/no_such_element.html
Build info: version: '3.141.59', revision: 'e82be7d358', time: '2018-11-14T08:17:03'
System info: host: 'DESKTOP-LR00Q52', ip: '192.168.1.96', os.name: 'Windows 11', os.arch: 'amd64', os.version: '10.0', java.version: '1.8.0_371'
Driver info: org.openqa.selenium.chrome.ChromeDriver
Capabilities {acceptInsecureCerts: false, browserName: chrome, browserVersion: 114.0.5735.110, chrome: {chromedriverVersion: 114.0.5735.90 (386bc09e8f4f..., userDataDir: C:\Users\sride\AppData\Loca...}, goog:chromeOptions: {debuggerAddress: localhost:60678}, javascriptEnabled: true, networkConnectionEnabled: false, pageLoadStrategy: normal, platform: WINDOWS, platformName: WINDOWS, proxy: Proxy(), setWindowRect: true, strictFileInteractability: false, timeouts: {implicit: 0, pageLoad: 300000, script: 30000}, unhandledPromptBehavior: dismiss and notify, webauthn:extension:credBlob: true, webauthn:extension:largeBlob: true, webauthn:extension:minPinLength: true, webauthn:extension:prf: true, webauthn:virtualAuthenticators: true}
Session ID: 99fce65666cb400e68cb60154a37647e
*** Element info: {Using=id, value=user-name}]]>
            </message>
            <full-stacktrace>
              <![CDATA[org.openqa.selenium.NoSuchElementException: no such element: Unable to locate element: {"method":"css selector","selector":"#user\-name"}
  (Session info: chrome=114.0.5735.110)
For documentation on this error, please visit: https://www.seleniumhq.org/exceptions/no_such_element.html
Build info: version: '3.141.59', revision: 'e82be7d358', time: '2018-11-14T08:17:03'
System info: host: 'DESKTOP-LR00Q52', ip: '192.168.1.96', os.name: 'Windows 11', os.arch: 'amd64', os.version: '10.0', java.version: '1.8.0_371'
Driver info: org.openqa.selenium.chrome.ChromeDriver
Capabilities {acceptInsecureCerts: false, browserName: chrome, browserVersion: 114.0.5735.110, chrome: {chromedriverVersion: 114.0.5735.90 (386bc09e8f4f..., userDataDir: C:\Users\sride\AppData\Loca...}, goog:chromeOptions: {debuggerAddress: localhost:60678}, javascriptEnabled: true, networkConnectionEnabled: false, pageLoadStrategy: normal, platform: WINDOWS, platformName: WINDOWS, proxy: Proxy(), setWindowRect: true, strictFileInteractability: false, timeouts: {implicit: 0, pageLoad: 300000, script: 30000}, unhandledPromptBehavior: dismiss and notify, webauthn:extension:credBlob: true, webauthn:extension:largeBlob: true, webauthn:extension:minPinLength: true, webauthn:extension:prf: true, webauthn:virtualAuthenticators: true}
Session ID: 99fce65666cb400e68cb60154a37647e
*** Element info: {Using=id, value=user-name}
at sun.reflect.NativeConstructorAccessorImpl.newInstance0(Native Method)
at sun.reflect.NativeConstructorAccessorImpl.newInstance(Unknown Source)
at sun.reflect.DelegatingConstructorAccessorImpl.newInstance(Unknown Source)
at java.lang.reflect.Constructor.newInstance(Unknown Source)
at org.openqa.selenium.remote.http.W3CHttpResponseCodec.createException(W3CHttpResponseCodec.java:187)
at org.openqa.selenium.remote.http.W3CHttpResponseCodec.decode(W3CHttpResponseCodec.java:122)
at org.openqa.selenium.remote.http.W3CHttpResponseCodec.decode(W3CHttpResponseCodec.java:49)
at org.openqa.selenium.remote.HttpCommandExecutor.execute(HttpCommandExecutor.java:158)
at org.openqa.selenium.remote.service.DriverCommandExecutor.execute(DriverCommandExecutor.java:83)
at org.openqa.selenium.remote.RemoteWebDriver.execute(RemoteWebDriver.java:552)
at org.openqa.selenium.remote.RemoteWebDriver.findElement(RemoteWebDriver.java:323)
at org.openqa.selenium.remote.RemoteWebDriver.findElementById(RemoteWebDriver.java:372)
at org.openqa.selenium.By$ById.findElement(By.java:188)
at org.openqa.selenium.remote.RemoteWebDriver.findElement(RemoteWebDriver.java:315)
at pages.LoginPage.typeUsername(LoginPage.java:38)
at tests.ProductPageTest.login(ProductPageTest.java:20)
at tests.ProductPageTest.verifyProceedToCheckout(ProductPageTest.java:76)
at sun.reflect.NativeMethodAccessorImpl.invoke0(Native Method)
at sun.reflect.NativeMethodAccessorImpl.invoke(Unknown Source)
at sun.reflect.DelegatingMethodAccessorImpl.invoke(Unknown Source)
at java.lang.reflect.Method.invoke(Unknown Source)
at org.testng.internal.MethodInvocationHelper.invokeMethod(MethodInvocationHelper.java:134)
at org.testng.internal.TestInvoker.invokeMethod(TestInvoker.java:597)
at org.testng.internal.TestInvoker.invokeTestMethod(TestInvoker.java:173)
at org.testng.internal.MethodRunner.runInSequence(MethodRunner.java:46)
at org.testng.internal.TestInvoker$MethodInvocationAgent.invoke(TestInvoker.java:816)
at org.testng.internal.TestInvoker.invokeTestMethods(TestInvoker.java:146)
at org.testng.internal.TestMethodWorker.invokeTestMethods(TestMethodWorker.java:146)
at org.testng.internal.TestMethodWorker.run(TestMethodWorker.java:128)
at java.util.ArrayList.forEach(Unknown Source)
at org.testng.TestRunner.privateRun(TestRunner.java:766)
at org.testng.TestRunner.run(TestRunner.java:587)
at org.testng.SuiteRunner.runTest(SuiteRunner.java:384)
at org.testng.SuiteRunner.runSequentially(SuiteRunner.java:378)
at org.testng.SuiteRunner.privateRun(SuiteRunner.java:337)
at org.testng.SuiteRunner.run(SuiteRunner.java:286)
at org.testng.SuiteRunnerWorker.runSuite(SuiteRunnerWorker.java:53)
at org.testng.SuiteRunnerWorker.run(SuiteRunnerWorker.java:96)
at org.testng.TestNG.runSuitesSequentially(TestNG.java:1187)
at org.testng.TestNG.runSuitesLocally(TestNG.java:1109)
at org.testng.TestNG.runSuites(TestNG.java:1039)
at org.testng.TestNG.run(TestNG.java:1007)
at org.testng.remote.AbstractRemoteTestNG.run(AbstractRemoteTestNG.java:115)
at org.testng.remote.RemoteTestNG.initAndRun(RemoteTestNG.java:251)
at org.testng.remote.RemoteTestNG.main(RemoteTestNG.java:77)
]]>
            </full-stacktrace>
          </exception> <!-- org.openqa.selenium.NoSuchElementException -->
          <reporter-output>
          </reporter-output>
        </test-method> <!-- verifyProceedToCheckout -->
        <test-method status="PASS" signature="tearDown()[pri:0, instance:tests.ProductPageTest@631330c]" name="tearDown" is-config="true" duration-ms="880" started-at="2023-06-13T15:44:28 EDT" finished-at="2023-06-13T15:44:29 EDT">
          <reporter-output>
          </reporter-output>
        </test-method> <!-- tearDown -->
      </class> <!-- tests.ProductPageTest -->
    </test> <!-- Add product to cart -->
    <test name="Elements check in Homepage" duration-ms="4303" started-at="2023-06-13T15:44:29 EDT" finished-at="2023-06-13T15:44:34 EDT">
      <class name="tests.HomePageTest">
        <test-method status="PASS" signature="setup(org.testng.ITestContext)[pri:0, instance:tests.HomePageTest@37d31475]" name="setup" is-config="true" duration-ms="3151" started-at="2023-06-13T15:44:29 EDT" finished-at="2023-06-13T15:44:32 EDT">
          <params>
            <param index="0">
              <value>
                <![CDATA[org.testng.TestRunner@4ea17147]]>
              </value>
            </param>
          </params>
          <reporter-output>
          </reporter-output>
        </test-method> <!-- setup -->
        <test-method status="PASS" signature="verifyHomePage()[pri:0, instance:tests.HomePageTest@37d31475]" name="verifyHomePage" duration-ms="211" started-at="2023-06-13T15:44:32 EDT" finished-at="2023-06-13T15:44:33 EDT">
          <reporter-output>
          </reporter-output>
        </test-method> <!-- verifyHomePage -->
        <test-method status="PASS" signature="tearDown()[pri:0, instance:tests.HomePageTest@37d31475]" name="tearDown" is-config="true" duration-ms="935" started-at="2023-06-13T15:44:33 EDT" finished-at="2023-06-13T15:44:34 EDT">
          <reporter-output>
          </reporter-output>
        </test-method> <!-- tearDown -->
      </class> <!-- tests.HomePageTest -->
    </test> <!-- Elements check in Homepage -->
    <test name="CheckoutPageTest test cases" duration-ms="8220" started-at="2023-06-13T15:44:34 EDT" finished-at="2023-06-13T15:44:42 EDT">
      <class name="tests.CheckoutPageTest">
        <test-method status="PASS" signature="setup(org.testng.ITestContext)[pri:0, instance:tests.CheckoutPageTest@58c1670b]" name="setup" is-config="true" duration-ms="3177" started-at="2023-06-13T15:44:34 EDT" finished-at="2023-06-13T15:44:37 EDT">
          <params>
            <param index="0">
              <value>
                <![CDATA[org.testng.TestRunner@2eda4eeb]]>
              </value>
            </param>
          </params>
          <reporter-output>
          </reporter-output>
        </test-method> <!-- setup -->
        <test-method status="PASS" signature="verifyCheckoutPage(java.lang.String, java.lang.String, java.lang.String)[pri:0, instance:tests.CheckoutPageTest@58c1670b]" name="verifyCheckoutPage" duration-ms="2001" started-at="2023-06-13T15:44:37 EDT" finished-at="2023-06-13T15:44:39 EDT">
          <params>
            <param index="0">
              <value>
                <![CDATA[standard_user]]>
              </value>
            </param>
            <param index="1">
              <value>
                <![CDATA[secret_sauce]]>
              </value>
            </param>
            <param index="2">
              <value>
                <![CDATA[yes]]>
              </value>
            </param>
          </params>
          <reporter-output>
          </reporter-output>
        </test-method> <!-- verifyCheckoutPage -->
        <test-method status="PASS" signature="verifyContinueCheckout(java.lang.String, java.lang.String, java.lang.String)[pri:1, instance:tests.CheckoutPageTest@58c1670b]" name="verifyContinueCheckout" duration-ms="2245" started-at="2023-06-13T15:44:39 EDT" finished-at="2023-06-13T15:44:41 EDT">
          <params>
            <param index="0">
              <value>
                <![CDATA[standard_user]]>
              </value>
            </param>
            <param index="1">
              <value>
                <![CDATA[secret_sauce]]>
              </value>
            </param>
            <param index="2">
              <value>
                <![CDATA[yes]]>
              </value>
            </param>
          </params>
          <reporter-output>
          </reporter-output>
        </test-method> <!-- verifyContinueCheckout -->
        <test-method status="PASS" signature="tearDown()[pri:0, instance:tests.CheckoutPageTest@58c1670b]" name="tearDown" is-config="true" duration-ms="790" started-at="2023-06-13T15:44:41 EDT" finished-at="2023-06-13T15:44:42 EDT">
          <reporter-output>
          </reporter-output>
        </test-method> <!-- tearDown -->
      </class> <!-- tests.CheckoutPageTest -->
    </test> <!-- CheckoutPageTest test cases -->
    <test name="ProductPageTest test cases" duration-ms="8059" started-at="2023-06-13T15:44:42 EDT" finished-at="2023-06-13T15:44:50 EDT">
      <class name="tests.ProductPageTest">
        <test-method status="PASS" signature="setup(org.testng.ITestContext)[pri:0, instance:tests.ProductPageTest@7a9273a8]" name="setup" is-config="true" duration-ms="2624" started-at="2023-06-13T15:44:42 EDT" finished-at="2023-06-13T15:44:45 EDT">
          <params>
            <param index="0">
              <value>
                <![CDATA[org.testng.TestRunner@5ba90d8a]]>
              </value>
            </param>
          </params>
          <reporter-output>
          </reporter-output>
        </test-method> <!-- setup -->
        <test-method status="PASS" signature="verifyRemoveFromCart(java.lang.String, java.lang.String, java.lang.String)[pri:1, instance:tests.ProductPageTest@7a9273a8]" name="verifyRemoveFromCart" duration-ms="1868" started-at="2023-06-13T15:44:45 EDT" finished-at="2023-06-13T15:44:46 EDT">
          <params>
            <param index="0">
              <value>
                <![CDATA[standard_user]]>
              </value>
            </param>
            <param index="1">
              <value>
                <![CDATA[secret_sauce]]>
              </value>
            </param>
            <param index="2">
              <value>
                <![CDATA[yes]]>
              </value>
            </param>
          </params>
          <reporter-output>
          </reporter-output>
        </test-method> <!-- verifyRemoveFromCart -->
        <test-method status="PASS" signature="verifyContinueShopping(java.lang.String, java.lang.String, java.lang.String)[pri:2, instance:tests.ProductPageTest@7a9273a8]" name="verifyContinueShopping" duration-ms="1440" started-at="2023-06-13T15:44:46 EDT" finished-at="2023-06-13T15:44:48 EDT">
          <params>
            <param index="0">
              <value>
                <![CDATA[standard_user]]>
              </value>
            </param>
            <param index="1">
              <value>
                <![CDATA[secret_sauce]]>
              </value>
            </param>
            <param index="2">
              <value>
                <![CDATA[yes]]>
              </value>
            </param>
          </params>
          <reporter-output>
          </reporter-output>
        </test-method> <!-- verifyContinueShopping -->
        <test-method status="PASS" signature="verifyAddToCart(java.lang.String, java.lang.String, java.lang.String)[pri:3, instance:tests.ProductPageTest@7a9273a8]" name="verifyAddToCart" duration-ms="963" started-at="2023-06-13T15:44:48 EDT" finished-at="2023-06-13T15:44:49 EDT">
          <params>
            <param index="0">
              <value>
                <![CDATA[standard_user]]>
              </value>
            </param>
            <param index="1">
              <value>
                <![CDATA[secret_sauce]]>
              </value>
            </param>
            <param index="2">
              <value>
                <![CDATA[yes]]>
              </value>
            </param>
          </params>
          <reporter-output>
          </reporter-output>
        </test-method> <!-- verifyAddToCart -->
        <test-method status="FAIL" signature="verifyProceedToCheckout(java.lang.String, java.lang.String, java.lang.String)[pri:4, instance:tests.ProductPageTest@7a9273a8]" name="verifyProceedToCheckout" duration-ms="51" started-at="2023-06-13T15:44:49 EDT" finished-at="2023-06-13T15:44:49 EDT">
          <params>
            <param index="0">
              <value>
                <![CDATA[standard_user]]>
              </value>
            </param>
            <param index="1">
              <value>
                <![CDATA[secret_sauce]]>
              </value>
            </param>
            <param index="2">
              <value>
                <![CDATA[yes]]>
              </value>
            </param>
          </params>
          <exception class="org.openqa.selenium.NoSuchElementException">
            <message>
              <![CDATA[no such element: Unable to locate element: {"method":"css selector","selector":"#user\-name"}
  (Session info: chrome=114.0.5735.110)
For documentation on this error, please visit: https://www.seleniumhq.org/exceptions/no_such_element.html
Build info: version: '3.141.59', revision: 'e82be7d358', time: '2018-11-14T08:17:03'
System info: host: 'DESKTOP-LR00Q52', ip: '192.168.1.96', os.name: 'Windows 11', os.arch: 'amd64', os.version: '10.0', java.version: '1.8.0_371'
Driver info: org.openqa.selenium.chrome.ChromeDriver
Capabilities {acceptInsecureCerts: false, browserName: chrome, browserVersion: 114.0.5735.110, chrome: {chromedriverVersion: 114.0.5735.90 (386bc09e8f4f..., userDataDir: C:\Users\sride\AppData\Loca...}, goog:chromeOptions: {debuggerAddress: localhost:60747}, javascriptEnabled: true, networkConnectionEnabled: false, pageLoadStrategy: normal, platform: WINDOWS, platformName: WINDOWS, proxy: Proxy(), setWindowRect: true, strictFileInteractability: false, timeouts: {implicit: 0, pageLoad: 300000, script: 30000}, unhandledPromptBehavior: dismiss and notify, webauthn:extension:credBlob: true, webauthn:extension:largeBlob: true, webauthn:extension:minPinLength: true, webauthn:extension:prf: true, webauthn:virtualAuthenticators: true}
Session ID: da823a31c3739e8ceaaef73670f4a7d9
*** Element info: {Using=id, value=user-name}]]>
            </message>
            <full-stacktrace>
              <![CDATA[org.openqa.selenium.NoSuchElementException: no such element: Unable to locate element: {"method":"css selector","selector":"#user\-name"}
  (Session info: chrome=114.0.5735.110)
For documentation on this error, please visit: https://www.seleniumhq.org/exceptions/no_such_element.html
Build info: version: '3.141.59', revision: 'e82be7d358', time: '2018-11-14T08:17:03'
System info: host: 'DESKTOP-LR00Q52', ip: '192.168.1.96', os.name: 'Windows 11', os.arch: 'amd64', os.version: '10.0', java.version: '1.8.0_371'
Driver info: org.openqa.selenium.chrome.ChromeDriver
Capabilities {acceptInsecureCerts: false, browserName: chrome, browserVersion: 114.0.5735.110, chrome: {chromedriverVersion: 114.0.5735.90 (386bc09e8f4f..., userDataDir: C:\Users\sride\AppData\Loca...}, goog:chromeOptions: {debuggerAddress: localhost:60747}, javascriptEnabled: true, networkConnectionEnabled: false, pageLoadStrategy: normal, platform: WINDOWS, platformName: WINDOWS, proxy: Proxy(), setWindowRect: true, strictFileInteractability: false, timeouts: {implicit: 0, pageLoad: 300000, script: 30000}, unhandledPromptBehavior: dismiss and notify, webauthn:extension:credBlob: true, webauthn:extension:largeBlob: true, webauthn:extension:minPinLength: true, webauthn:extension:prf: true, webauthn:virtualAuthenticators: true}
Session ID: da823a31c3739e8ceaaef73670f4a7d9
*** Element info: {Using=id, value=user-name}
at sun.reflect.NativeConstructorAccessorImpl.newInstance0(Native Method)
at sun.reflect.NativeConstructorAccessorImpl.newInstance(Unknown Source)
at sun.reflect.DelegatingConstructorAccessorImpl.newInstance(Unknown Source)
at java.lang.reflect.Constructor.newInstance(Unknown Source)
at org.openqa.selenium.remote.http.W3CHttpResponseCodec.createException(W3CHttpResponseCodec.java:187)
at org.openqa.selenium.remote.http.W3CHttpResponseCodec.decode(W3CHttpResponseCodec.java:122)
at org.openqa.selenium.remote.http.W3CHttpResponseCodec.decode(W3CHttpResponseCodec.java:49)
at org.openqa.selenium.remote.HttpCommandExecutor.execute(HttpCommandExecutor.java:158)
at org.openqa.selenium.remote.service.DriverCommandExecutor.execute(DriverCommandExecutor.java:83)
at org.openqa.selenium.remote.RemoteWebDriver.execute(RemoteWebDriver.java:552)
at org.openqa.selenium.remote.RemoteWebDriver.findElement(RemoteWebDriver.java:323)
at org.openqa.selenium.remote.RemoteWebDriver.findElementById(RemoteWebDriver.java:372)
at org.openqa.selenium.By$ById.findElement(By.java:188)
at org.openqa.selenium.remote.RemoteWebDriver.findElement(RemoteWebDriver.java:315)
at pages.LoginPage.typeUsername(LoginPage.java:38)
at tests.ProductPageTest.login(ProductPageTest.java:20)
at tests.ProductPageTest.verifyProceedToCheckout(ProductPageTest.java:76)
at sun.reflect.NativeMethodAccessorImpl.invoke0(Native Method)
at sun.reflect.NativeMethodAccessorImpl.invoke(Unknown Source)
at sun.reflect.DelegatingMethodAccessorImpl.invoke(Unknown Source)
at java.lang.reflect.Method.invoke(Unknown Source)
at org.testng.internal.MethodInvocationHelper.invokeMethod(MethodInvocationHelper.java:134)
at org.testng.internal.TestInvoker.invokeMethod(TestInvoker.java:597)
at org.testng.internal.TestInvoker.invokeTestMethod(TestInvoker.java:173)
at org.testng.internal.MethodRunner.runInSequence(MethodRunner.java:46)
at org.testng.internal.TestInvoker$MethodInvocationAgent.invoke(TestInvoker.java:816)
at org.testng.internal.TestInvoker.invokeTestMethods(TestInvoker.java:146)
at org.testng.internal.TestMethodWorker.invokeTestMethods(TestMethodWorker.java:146)
at org.testng.internal.TestMethodWorker.run(TestMethodWorker.java:128)
at java.util.ArrayList.forEach(Unknown Source)
at org.testng.TestRunner.privateRun(TestRunner.java:766)
at org.testng.TestRunner.run(TestRunner.java:587)
at org.testng.SuiteRunner.runTest(SuiteRunner.java:384)
at org.testng.SuiteRunner.runSequentially(SuiteRunner.java:378)
at org.testng.SuiteRunner.privateRun(SuiteRunner.java:337)
at org.testng.SuiteRunner.run(SuiteRunner.java:286)
at org.testng.SuiteRunnerWorker.runSuite(SuiteRunnerWorker.java:53)
at org.testng.SuiteRunnerWorker.run(SuiteRunnerWorker.java:96)
at org.testng.TestNG.runSuitesSequentially(TestNG.java:1187)
at org.testng.TestNG.runSuitesLocally(TestNG.java:1109)
at org.testng.TestNG.runSuites(TestNG.java:1039)
at org.testng.TestNG.run(TestNG.java:1007)
at org.testng.remote.AbstractRemoteTestNG.run(AbstractRemoteTestNG.java:115)
at org.testng.remote.RemoteTestNG.initAndRun(RemoteTestNG.java:251)
at org.testng.remote.RemoteTestNG.main(RemoteTestNG.java:77)
]]>
            </full-stacktrace>
          </exception> <!-- org.openqa.selenium.NoSuchElementException -->
          <reporter-output>
          </reporter-output>
        </test-method> <!-- verifyProceedToCheckout -->
        <test-method status="PASS" signature="tearDown()[pri:0, instance:tests.ProductPageTest@7a9273a8]" name="tearDown" is-config="true" duration-ms="804" started-at="2023-06-13T15:44:49 EDT" finished-at="2023-06-13T15:44:50 EDT">
          <reporter-output>
          </reporter-output>
        </test-method> <!-- tearDown -->
      </class> <!-- tests.ProductPageTest -->
    </test> <!-- ProductPageTest test cases -->
    <test name="OrderPageTest" duration-ms="8278" started-at="2023-06-13T15:44:50 EDT" finished-at="2023-06-13T15:44:58 EDT">
      <class name="tests.OrderPageTest">
        <test-method status="PASS" signature="setup(org.testng.ITestContext)[pri:0, instance:tests.OrderPageTest@45820e51]" name="setup" is-config="true" duration-ms="2930" started-at="2023-06-13T15:44:50 EDT" finished-at="2023-06-13T15:44:53 EDT">
          <params>
            <param index="0">
              <value>
                <![CDATA[org.testng.TestRunner@309dcdf3]]>
              </value>
            </param>
          </params>
          <reporter-output>
          </reporter-output>
        </test-method> <!-- setup -->
        <test-method status="PASS" signature="verifyOrderPage(java.lang.String, java.lang.String, java.lang.String)[pri:0, instance:tests.OrderPageTest@45820e51]" name="verifyOrderPage" duration-ms="2053" started-at="2023-06-13T15:44:53 EDT" finished-at="2023-06-13T15:44:55 EDT">
          <params>
            <param index="0">
              <value>
                <![CDATA[standard_user]]>
              </value>
            </param>
            <param index="1">
              <value>
                <![CDATA[secret_sauce]]>
              </value>
            </param>
            <param index="2">
              <value>
                <![CDATA[yes]]>
              </value>
            </param>
          </params>
          <reporter-output>
          </reporter-output>
        </test-method> <!-- verifyOrderPage -->
        <test-method status="PASS" signature="verifyContinueOrder(java.lang.String, java.lang.String, java.lang.String)[pri:1, instance:tests.OrderPageTest@45820e51]" name="verifyContinueOrder" duration-ms="2481" started-at="2023-06-13T15:44:55 EDT" finished-at="2023-06-13T15:44:57 EDT">
          <params>
            <param index="0">
              <value>
                <![CDATA[standard_user]]>
              </value>
            </param>
            <param index="1">
              <value>
                <![CDATA[secret_sauce]]>
              </value>
            </param>
            <param index="2">
              <value>
                <![CDATA[yes]]>
              </value>
            </param>
          </params>
          <reporter-output>
          </reporter-output>
        </test-method> <!-- verifyContinueOrder -->
        <test-method status="PASS" signature="tearDown()[pri:0, instance:tests.OrderPageTest@45820e51]" name="tearDown" is-config="true" duration-ms="808" started-at="2023-06-13T15:44:57 EDT" finished-at="2023-06-13T15:44:58 EDT">
          <reporter-output>
          </reporter-output>
        </test-method> <!-- tearDown -->
      </class> <!-- tests.OrderPageTest -->
    </test> <!-- OrderPageTest -->
  </suite> <!-- Saucedemo Smoke -->
</testng-results>
