<!DOCTYPE html>

<html>
  <head>
  <meta charset='utf-8'>
  <title>TestNG reports</title>

    <link type="text/css" href="testng-reports.css" rel="stylesheet" />
    <script type="text/javascript" src="jquery-3.4.1.min.js"></script>
    <script type="text/javascript" src="testng-reports.js"></script>
    <script type="text/javascript" src="https://www.google.com/jsapi"></script>
    <script type='text/javascript'>
      google.load('visualization', '1', {packages:['table']});
      google.setOnLoadCallback(drawTable);
      var suiteTableInitFunctions = new Array();
      var suiteTableData = new Array();
    </script>
    <!--
      <script type="text/javascript" src="jquery-ui/js/jquery-ui-1.8.16.custom.min.js"></script>
     -->
  </head>

  <body>
    <div class="top-banner-root">
      <span class="top-banner-title-font">Test results</span>
      <br/>
      <span class="top-banner-font-1">1 suite, 4 failed tests</span>
    </div> <!-- top-banner-root -->
    <div class="navigator-root">
      <div class="navigator-suite-header">
        <span>All suites</span>
        <a href="#" class="collapse-all-link" title="Collapse/expand all the suites">
          <img class="collapse-all-icon" src="collapseall.gif">
          </img> <!-- collapse-all-icon -->
        </a> <!-- collapse-all-link -->
      </div> <!-- navigator-suite-header -->
      <div class="suite">
        <div class="rounded-window">
          <div class="suite-header light-rounded-window-top">
            <a href="#" class="navigator-link" panel-name="suite-Failed_suite__Failed_suite__Saucedemo_Smoke__">
              <span class="suite-name border-failed">Failed suite [Failed suite [Saucedemo Smoke]]</span>
            </a> <!-- navigator-link -->
          </div> <!-- suite-header light-rounded-window-top -->
          <div class="navigator-suite-content">
            <div class="suite-section-title">
              <span>Info</span>
            </div> <!-- suite-section-title -->
            <div class="suite-section-content">
              <ul>
                <li>
                  <a href="#" class="navigator-link " panel-name="test-xml-Failed_suite__Failed_suite__Saucedemo_Smoke__">
                    <span>C:\Users\sride\OneDrive\Documents\Repository\automation\Saucedemo\test-output\testng-failed.xml</span>
                  </a> <!-- navigator-link  -->
                </li>
                <li>
                  <a href="#" class="navigator-link " panel-name="testlist-Failed_suite__Failed_suite__Saucedemo_Smoke__">
                    <span class="test-stats">2 tests</span>
                  </a> <!-- navigator-link  -->
                </li>
                <li>
                  <a href="#" class="navigator-link " panel-name="group-Failed_suite__Failed_suite__Saucedemo_Smoke__">
                    <span>0 groups</span>
                  </a> <!-- navigator-link  -->
                </li>
                <li>
                  <a href="#" class="navigator-link " panel-name="times-Failed_suite__Failed_suite__Saucedemo_Smoke__">
                    <span>Times</span>
                  </a> <!-- navigator-link  -->
                </li>
                <li>
                  <a href="#" class="navigator-link " panel-name="reporter-Failed_suite__Failed_suite__Saucedemo_Smoke__">
                    <span>Reporter output</span>
                  </a> <!-- navigator-link  -->
                </li>
                <li>
                  <a href="#" class="navigator-link " panel-name="ignored-methods-Failed_suite__Failed_suite__Saucedemo_Smoke__">
                    <span>Ignored methods</span>
                  </a> <!-- navigator-link  -->
                </li>
                <li>
                  <a href="#" class="navigator-link " panel-name="chronological-Failed_suite__Failed_suite__Saucedemo_Smoke__">
                    <span>Chronological view</span>
                  </a> <!-- navigator-link  -->
                </li>
              </ul>
            </div> <!-- suite-section-content -->
            <div class="result-section">
              <div class="suite-section-title">
                <span>Results</span>
              </div> <!-- suite-section-title -->
              <div class="suite-section-content">
                <ul>
                  <li>
                    <span class="method-stats">5 methods, 4 failed,   1 passed</span>
                  </li>
                  <li>
                    <span class="method-list-title failed">Failed methods</span>
                    <span class="show-or-hide-methods failed">
                      <a href="#" panel-name="suite-Failed_suite__Failed_suite__Saucedemo_Smoke__" class="hide-methods failed suite-Failed_suite__Failed_suite__Saucedemo_Smoke__"> (hide)</a> <!-- hide-methods failed suite-Failed_suite__Failed_suite__Saucedemo_Smoke__ -->
                      <a href="#" panel-name="suite-Failed_suite__Failed_suite__Saucedemo_Smoke__" class="show-methods failed suite-Failed_suite__Failed_suite__Saucedemo_Smoke__"> (show)</a> <!-- show-methods failed suite-Failed_suite__Failed_suite__Saucedemo_Smoke__ -->
                    </span>
                    <div class="method-list-content failed suite-Failed_suite__Failed_suite__Saucedemo_Smoke__">
                      <span>
                        <img width="3%" src="failed.png"/>
                        <a href="#" class="method navigator-link" panel-name="suite-Failed_suite__Failed_suite__Saucedemo_Smoke__" title="tests.ProductPageTest" hash-for-method="verifyAddToCart(standard_user, secret_sauce, yes)">verifyAddToCart(standard_user, secret_sauce, yes)</a> <!-- method navigator-link -->
                      </span>
                      <br/>
                      <span>
                        <img width="3%" src="failed.png"/>
                        <a href="#" class="method navigator-link" panel-name="suite-Failed_suite__Failed_suite__Saucedemo_Smoke__" title="tests.ProductPageTest" hash-for-method="verifyAddToCart(standard_user, secret_sauce, yes)">verifyAddToCart(standard_user, secret_sauce, yes)</a> <!-- method navigator-link -->
                      </span>
                      <br/>
                      <span>
                        <img width="3%" src="failed.png"/>
                        <a href="#" class="method navigator-link" panel-name="suite-Failed_suite__Failed_suite__Saucedemo_Smoke__" title="tests.ProductPageTest" hash-for-method="verifyProceedToCheckout(standard_user, secret_sauce, yes)">verifyProceedToCheckout(standard_user, secret_sauce, yes)</a> <!-- method navigator-link -->
                      </span>
                      <br/>
                      <span>
                        <img width="3%" src="failed.png"/>
                        <a href="#" class="method navigator-link" panel-name="suite-Failed_suite__Failed_suite__Saucedemo_Smoke__" title="tests.ProductPageTest" hash-for-method="verifyProceedToCheckout(standard_user, secret_sauce, yes)">verifyProceedToCheckout(standard_user, secret_sauce, yes)</a> <!-- method navigator-link -->
                      </span>
                      <br/>
                    </div> <!-- method-list-content failed suite-Failed_suite__Failed_suite__Saucedemo_Smoke__ -->
                  </li>
                  <li>
                    <span class="method-list-title passed">Passed methods</span>
                    <span class="show-or-hide-methods passed">
                      <a href="#" panel-name="suite-Failed_suite__Failed_suite__Saucedemo_Smoke__" class="hide-methods passed suite-Failed_suite__Failed_suite__Saucedemo_Smoke__"> (hide)</a> <!-- hide-methods passed suite-Failed_suite__Failed_suite__Saucedemo_Smoke__ -->
                      <a href="#" panel-name="suite-Failed_suite__Failed_suite__Saucedemo_Smoke__" class="show-methods passed suite-Failed_suite__Failed_suite__Saucedemo_Smoke__"> (show)</a> <!-- show-methods passed suite-Failed_suite__Failed_suite__Saucedemo_Smoke__ -->
                    </span>
                    <div class="method-list-content passed suite-Failed_suite__Failed_suite__Saucedemo_Smoke__">
                      <span>
                        <img width="3%" src="passed.png"/>
                        <a href="#" class="method navigator-link" panel-name="suite-Failed_suite__Failed_suite__Saucedemo_Smoke__" title="tests.ProductPageTest" hash-for-method="verifyContinueShopping(standard_user, secret_sauce, yes)">verifyContinueShopping(standard_user, secret_sauce, yes)</a> <!-- method navigator-link -->
                      </span>
                      <br/>
                    </div> <!-- method-list-content passed suite-Failed_suite__Failed_suite__Saucedemo_Smoke__ -->
                  </li>
                </ul>
              </div> <!-- suite-section-content -->
            </div> <!-- result-section -->
          </div> <!-- navigator-suite-content -->
        </div> <!-- rounded-window -->
      </div> <!-- suite -->
    </div> <!-- navigator-root -->
    <div class="wrapper">
      <div class="main-panel-root">
        <div panel-name="suite-Failed_suite__Failed_suite__Saucedemo_Smoke__" class="panel Failed_suite__Failed_suite__Saucedemo_Smoke__">
          <div class="suite-Failed_suite__Failed_suite__Saucedemo_Smoke__-class-failed">
            <div class="main-panel-header rounded-window-top">
              <img src="failed.png"/>
              <span class="class-name">tests.ProductPageTest</span>
            </div> <!-- main-panel-header rounded-window-top -->
            <div class="main-panel-content rounded-window-bottom">
              <div class="method">
                <div class="method-content">
                  <a name="verifyAddToCart(standard_user, secret_sauce, yes)">
                  </a> <!-- verifyAddToCart(standard_user, secret_sauce, yes) -->
                  <span class="method-name">verifyAddToCart</span>
                  <span class="parameters">(standard_user, secret_sauce, yes)</span>
                  <div class="stack-trace">java.lang.AssertionError: expected:&lt;false&gt; but was:&lt;true&gt;
	at tests.ProductPageTest.verifyAddToCart(ProductPageTest.java:66)
	at java.util.ArrayList.forEach(Unknown Source)
... Removed 32 stack frames
</div> <!-- stack-trace -->
                </div> <!-- method-content -->
              </div> <!-- method -->
              <div class="method">
                <div class="method-content">
                  <a name="verifyAddToCart(standard_user, secret_sauce, yes)">
                  </a> <!-- verifyAddToCart(standard_user, secret_sauce, yes) -->
                  <span class="method-name">verifyAddToCart</span>
                  <span class="parameters">(standard_user, secret_sauce, yes)</span>
                  <div class="stack-trace">java.lang.AssertionError: expected:&lt;false&gt; but was:&lt;true&gt;
	at tests.ProductPageTest.verifyAddToCart(ProductPageTest.java:66)
	at java.util.ArrayList.forEach(Unknown Source)
... Removed 32 stack frames
</div> <!-- stack-trace -->
                </div> <!-- method-content -->
              </div> <!-- method -->
              <div class="method">
                <div class="method-content">
                  <a name="verifyProceedToCheckout(standard_user, secret_sauce, yes)">
                  </a> <!-- verifyProceedToCheckout(standard_user, secret_sauce, yes) -->
                  <span class="method-name">verifyProceedToCheckout</span>
                  <span class="parameters">(standard_user, secret_sauce, yes)</span>
                  <div class="stack-trace">org.openqa.selenium.NoSuchElementException: no such element: Unable to locate element: {&quot;method&quot;:&quot;css selector&quot;,&quot;selector&quot;:&quot;#user\-name&quot;}
  (Session info: chrome=114.0.5735.110)
For documentation on this error, please visit: https://www.seleniumhq.org/exceptions/no_such_element.html
Build info: version: &apos;3.141.59&apos;, revision: &apos;e82be7d358&apos;, time: &apos;2018-11-14T08:17:03&apos;
System info: host: &apos;DESKTOP-LR00Q52&apos;, ip: &apos;192.168.1.96&apos;, os.name: &apos;Windows 11&apos;, os.arch: &apos;amd64&apos;, os.version: &apos;10.0&apos;, java.version: &apos;1.8.0_371&apos;
Driver info: org.openqa.selenium.chrome.ChromeDriver
Capabilities {acceptInsecureCerts: false, browserName: chrome, browserVersion: 114.0.5735.110, chrome: {chromedriverVersion: 114.0.5735.90 (386bc09e8f4f..., userDataDir: C:\Users\sride\AppData\Loca...}, goog:chromeOptions: {debuggerAddress: localhost:56340}, javascriptEnabled: true, networkConnectionEnabled: false, pageLoadStrategy: normal, platform: WINDOWS, platformName: WINDOWS, proxy: Proxy(), setWindowRect: true, strictFileInteractability: false, timeouts: {implicit: 0, pageLoad: 300000, script: 30000}, unhandledPromptBehavior: dismiss and notify, webauthn:extension:credBlob: true, webauthn:extension:largeBlob: true, webauthn:extension:minPinLength: true, webauthn:extension:prf: true, webauthn:virtualAuthenticators: true}
Session ID: f5c9c43f941796f3fee55954e34b6de9
*** Element info: {Using=id, value=user-name}
	at org.openqa.selenium.remote.http.W3CHttpResponseCodec.createException(W3CHttpResponseCodec.java:187)
	at org.openqa.selenium.remote.http.W3CHttpResponseCodec.decode(W3CHttpResponseCodec.java:122)
	at org.openqa.selenium.remote.http.W3CHttpResponseCodec.decode(W3CHttpResponseCodec.java:49)
	at org.openqa.selenium.remote.HttpCommandExecutor.execute(HttpCommandExecutor.java:158)
	at org.openqa.selenium.remote.service.DriverCommandExecutor.execute(DriverCommandExecutor.java:83)
	at org.openqa.selenium.remote.RemoteWebDriver.execute(RemoteWebDriver.java:552)
	at org.openqa.selenium.remote.RemoteWebDriver.findElement(RemoteWebDriver.java:323)
	at org.openqa.selenium.remote.RemoteWebDriver.findElementById(RemoteWebDriver.java:372)
	at org.openqa.selenium.By$ById.findElement(By.java:188)
	at org.openqa.selenium.remote.RemoteWebDriver.findElement(RemoteWebDriver.java:315)
	at pages.LoginPage.typeUsername(LoginPage.java:36)
	at tests.ProductPageTest.login(ProductPageTest.java:20)
	at tests.ProductPageTest.verifyProceedToCheckout(ProductPageTest.java:75)
	at java.util.ArrayList.forEach(Unknown Source)
... Removed 31 stack frames
</div> <!-- stack-trace -->
                </div> <!-- method-content -->
              </div> <!-- method -->
              <div class="method">
                <div class="method-content">
                  <a name="verifyProceedToCheckout(standard_user, secret_sauce, yes)">
                  </a> <!-- verifyProceedToCheckout(standard_user, secret_sauce, yes) -->
                  <span class="method-name">verifyProceedToCheckout</span>
                  <span class="parameters">(standard_user, secret_sauce, yes)</span>
                  <div class="stack-trace">org.openqa.selenium.NoSuchElementException: no such element: Unable to locate element: {&quot;method&quot;:&quot;css selector&quot;,&quot;selector&quot;:&quot;#user\-name&quot;}
  (Session info: chrome=114.0.5735.110)
For documentation on this error, please visit: https://www.seleniumhq.org/exceptions/no_such_element.html
Build info: version: &apos;3.141.59&apos;, revision: &apos;e82be7d358&apos;, time: &apos;2018-11-14T08:17:03&apos;
System info: host: &apos;DESKTOP-LR00Q52&apos;, ip: &apos;192.168.1.96&apos;, os.name: &apos;Windows 11&apos;, os.arch: &apos;amd64&apos;, os.version: &apos;10.0&apos;, java.version: &apos;1.8.0_371&apos;
Driver info: org.openqa.selenium.chrome.ChromeDriver
Capabilities {acceptInsecureCerts: false, browserName: chrome, browserVersion: 114.0.5735.110, chrome: {chromedriverVersion: 114.0.5735.90 (386bc09e8f4f..., userDataDir: C:\Users\sride\AppData\Loca...}, goog:chromeOptions: {debuggerAddress: localhost:56368}, javascriptEnabled: true, networkConnectionEnabled: false, pageLoadStrategy: normal, platform: WINDOWS, platformName: WINDOWS, proxy: Proxy(), setWindowRect: true, strictFileInteractability: false, timeouts: {implicit: 0, pageLoad: 300000, script: 30000}, unhandledPromptBehavior: dismiss and notify, webauthn:extension:credBlob: true, webauthn:extension:largeBlob: true, webauthn:extension:minPinLength: true, webauthn:extension:prf: true, webauthn:virtualAuthenticators: true}
Session ID: a79b526afcba1f62beea01716e41eb15
*** Element info: {Using=id, value=user-name}
	at org.openqa.selenium.remote.http.W3CHttpResponseCodec.createException(W3CHttpResponseCodec.java:187)
	at org.openqa.selenium.remote.http.W3CHttpResponseCodec.decode(W3CHttpResponseCodec.java:122)
	at org.openqa.selenium.remote.http.W3CHttpResponseCodec.decode(W3CHttpResponseCodec.java:49)
	at org.openqa.selenium.remote.HttpCommandExecutor.execute(HttpCommandExecutor.java:158)
	at org.openqa.selenium.remote.service.DriverCommandExecutor.execute(DriverCommandExecutor.java:83)
	at org.openqa.selenium.remote.RemoteWebDriver.execute(RemoteWebDriver.java:552)
	at org.openqa.selenium.remote.RemoteWebDriver.findElement(RemoteWebDriver.java:323)
	at org.openqa.selenium.remote.RemoteWebDriver.findElementById(RemoteWebDriver.java:372)
	at org.openqa.selenium.By$ById.findElement(By.java:188)
	at org.openqa.selenium.remote.RemoteWebDriver.findElement(RemoteWebDriver.java:315)
	at pages.LoginPage.typeUsername(LoginPage.java:36)
	at tests.ProductPageTest.login(ProductPageTest.java:20)
	at tests.ProductPageTest.verifyProceedToCheckout(ProductPageTest.java:75)
	at java.util.ArrayList.forEach(Unknown Source)
... Removed 31 stack frames
</div> <!-- stack-trace -->
                </div> <!-- method-content -->
              </div> <!-- method -->
            </div> <!-- main-panel-content rounded-window-bottom -->
          </div> <!-- suite-Failed_suite__Failed_suite__Saucedemo_Smoke__-class-failed -->
          <div class="suite-Failed_suite__Failed_suite__Saucedemo_Smoke__-class-passed">
            <div class="main-panel-header rounded-window-top">
              <img src="passed.png"/>
              <span class="class-name">tests.ProductPageTest</span>
            </div> <!-- main-panel-header rounded-window-top -->
            <div class="main-panel-content rounded-window-bottom">
              <div class="method">
                <div class="method-content">
                  <a name="verifyContinueShopping(standard_user, secret_sauce, yes)">
                  </a> <!-- verifyContinueShopping(standard_user, secret_sauce, yes) -->
                  <span class="method-name">verifyContinueShopping</span>
                  <span class="parameters">(standard_user, secret_sauce, yes)</span>
                </div> <!-- method-content -->
              </div> <!-- method -->
            </div> <!-- main-panel-content rounded-window-bottom -->
          </div> <!-- suite-Failed_suite__Failed_suite__Saucedemo_Smoke__-class-passed -->
        </div> <!-- panel Failed_suite__Failed_suite__Saucedemo_Smoke__ -->
        <div panel-name="test-xml-Failed_suite__Failed_suite__Saucedemo_Smoke__" class="panel">
          <div class="main-panel-header rounded-window-top">
            <span class="header-content">C:\Users\sride\OneDrive\Documents\Repository\automation\Saucedemo\test-output\testng-failed.xml</span>
          </div> <!-- main-panel-header rounded-window-top -->
          <div class="main-panel-content rounded-window-bottom">
            <pre>
&lt;?xml version=&quot;1.0&quot; encoding=&quot;UTF-8&quot;?&gt;
&lt;!DOCTYPE suite SYSTEM &quot;https://testng.org/testng-1.0.dtd&quot;&gt;
&lt;suite guice-stage=&quot;DEVELOPMENT&quot; name=&quot;Failed suite [Failed suite [Saucedemo Smoke]]&quot;&gt;
  &lt;listeners&gt;
    &lt;listener class-name=&quot;util.ExtentReportListener&quot;/&gt;
  &lt;/listeners&gt;
  &lt;test thread-count=&quot;5&quot; name=&quot;Add product to cart(failed)(failed)&quot;&gt;
    &lt;parameter name=&quot;password&quot; value=&quot;secret_sauce&quot;/&gt;
    &lt;parameter name=&quot;isvaliduser&quot; value=&quot;yes&quot;/&gt;
    &lt;parameter name=&quot;username&quot; value=&quot;standard_user&quot;/&gt;
    &lt;classes&gt;
      &lt;class name=&quot;tests.ProductPageTest&quot;&gt;
        &lt;methods&gt;
          &lt;include name=&quot;tearDown&quot;/&gt;
          &lt;include name=&quot;verifyProceedToCheckout&quot; invocation-numbers=&quot;0&quot;/&gt;
          &lt;include name=&quot;verifyAddToCart&quot; invocation-numbers=&quot;0&quot;/&gt;
          &lt;include name=&quot;setup&quot;/&gt;
        &lt;/methods&gt;
      &lt;/class&gt; &lt;!-- tests.ProductPageTest --&gt;
    &lt;/classes&gt;
  &lt;/test&gt; &lt;!-- Add product to cart(failed)(failed) --&gt;
  &lt;test thread-count=&quot;5&quot; name=&quot;ProductPageTest test cases(failed)(failed)&quot;&gt;
    &lt;parameter name=&quot;password&quot; value=&quot;secret_sauce&quot;/&gt;
    &lt;parameter name=&quot;isvaliduser&quot; value=&quot;yes&quot;/&gt;
    &lt;parameter name=&quot;username&quot; value=&quot;standard_user&quot;/&gt;
    &lt;classes&gt;
      &lt;class name=&quot;tests.ProductPageTest&quot;&gt;
        &lt;methods&gt;
          &lt;include name=&quot;tearDown&quot;/&gt;
          &lt;include name=&quot;verifyProceedToCheckout&quot; invocation-numbers=&quot;0&quot;/&gt;
          &lt;include name=&quot;verifyContinueShopping&quot; invocation-numbers=&quot;0&quot;/&gt;
          &lt;include name=&quot;verifyAddToCart&quot; invocation-numbers=&quot;0&quot;/&gt;
          &lt;include name=&quot;setup&quot;/&gt;
        &lt;/methods&gt;
      &lt;/class&gt; &lt;!-- tests.ProductPageTest --&gt;
    &lt;/classes&gt;
  &lt;/test&gt; &lt;!-- ProductPageTest test cases(failed)(failed) --&gt;
&lt;/suite&gt; &lt;!-- Failed suite [Failed suite [Saucedemo Smoke]] --&gt;
            </pre>
          </div> <!-- main-panel-content rounded-window-bottom -->
        </div> <!-- panel -->
        <div panel-name="testlist-Failed_suite__Failed_suite__Saucedemo_Smoke__" class="panel">
          <div class="main-panel-header rounded-window-top">
            <span class="header-content">Tests for Failed suite [Failed suite [Saucedemo Smoke]]</span>
          </div> <!-- main-panel-header rounded-window-top -->
          <div class="main-panel-content rounded-window-bottom">
            <ul>
              <li>
                <span class="test-name">Add product to cart(failed)(failed) (1 class)</span>
              </li>
              <li>
                <span class="test-name">ProductPageTest test cases(failed)(failed) (1 class)</span>
              </li>
            </ul>
          </div> <!-- main-panel-content rounded-window-bottom -->
        </div> <!-- panel -->
        <div panel-name="group-Failed_suite__Failed_suite__Saucedemo_Smoke__" class="panel">
          <div class="main-panel-header rounded-window-top">
            <span class="header-content">Groups for Failed suite [Failed suite [Saucedemo Smoke]]</span>
          </div> <!-- main-panel-header rounded-window-top -->
          <div class="main-panel-content rounded-window-bottom">
          </div> <!-- main-panel-content rounded-window-bottom -->
        </div> <!-- panel -->
        <div panel-name="times-Failed_suite__Failed_suite__Saucedemo_Smoke__" class="panel">
          <div class="main-panel-header rounded-window-top">
            <span class="header-content">Times for Failed suite [Failed suite [Saucedemo Smoke]]</span>
          </div> <!-- main-panel-header rounded-window-top -->
          <div class="main-panel-content rounded-window-bottom">
            <div class="times-div">
              <script type="text/javascript">
suiteTableInitFunctions.push('tableData_Failed_suite__Failed_suite__Saucedemo_Smoke__');
function tableData_Failed_suite__Failed_suite__Saucedemo_Smoke__() {
var data = new google.visualization.DataTable();
data.addColumn('number', 'Number');
data.addColumn('string', 'Method');
data.addColumn('string', 'Class');
data.addColumn('number', 'Time (ms)');
data.addRows(5);
data.setCell(0, 0, 0)
data.setCell(0, 1, 'verifyContinueShopping')
data.setCell(0, 2, 'tests.ProductPageTest')
data.setCell(0, 3, 1442);
data.setCell(1, 0, 1)
data.setCell(1, 1, 'verifyAddToCart')
data.setCell(1, 2, 'tests.ProductPageTest')
data.setCell(1, 3, 1095);
data.setCell(2, 0, 2)
data.setCell(2, 1, 'verifyAddToCart')
data.setCell(2, 2, 'tests.ProductPageTest')
data.setCell(2, 3, 766);
data.setCell(3, 0, 3)
data.setCell(3, 1, 'verifyProceedToCheckout')
data.setCell(3, 2, 'tests.ProductPageTest')
data.setCell(3, 3, 42);
data.setCell(4, 0, 4)
data.setCell(4, 1, 'verifyProceedToCheckout')
data.setCell(4, 2, 'tests.ProductPageTest')
data.setCell(4, 3, 15);
window.suiteTableData['Failed_suite__Failed_suite__Saucedemo_Smoke__']= { tableData: data, tableDiv: 'times-div-Failed_suite__Failed_suite__Saucedemo_Smoke__'}
return data;
}
              </script>
              <span class="suite-total-time">Total running time: 3 seconds</span>
              <div id="times-div-Failed_suite__Failed_suite__Saucedemo_Smoke__">
              </div> <!-- times-div-Failed_suite__Failed_suite__Saucedemo_Smoke__ -->
            </div> <!-- times-div -->
          </div> <!-- main-panel-content rounded-window-bottom -->
        </div> <!-- panel -->
        <div panel-name="reporter-Failed_suite__Failed_suite__Saucedemo_Smoke__" class="panel">
          <div class="main-panel-header rounded-window-top">
            <span class="header-content">Reporter output for Failed suite [Failed suite [Saucedemo Smoke]]</span>
          </div> <!-- main-panel-header rounded-window-top -->
          <div class="main-panel-content rounded-window-bottom">
          </div> <!-- main-panel-content rounded-window-bottom -->
        </div> <!-- panel -->
        <div panel-name="ignored-methods-Failed_suite__Failed_suite__Saucedemo_Smoke__" class="panel">
          <div class="main-panel-header rounded-window-top">
            <span class="header-content">3 ignored methods</span>
          </div> <!-- main-panel-header rounded-window-top -->
          <div class="main-panel-content rounded-window-bottom">
            <div class="ignored-class-div">
              <span class="ignored-class-name">tests.ProductPageTest</span>
              <div class="ignored-methods-div">
                <span class="ignored-method-name">verifyRemoveFromCart</span>
                <br/>
                <span class="ignored-method-name">verifyRemoveFromCart</span>
                <br/>
                <span class="ignored-method-name">verifyContinueShopping</span>
                <br/>
              </div> <!-- ignored-methods-div -->
            </div> <!-- ignored-class-div -->
          </div> <!-- main-panel-content rounded-window-bottom -->
        </div> <!-- panel -->
        <div panel-name="chronological-Failed_suite__Failed_suite__Saucedemo_Smoke__" class="panel">
          <div class="main-panel-header rounded-window-top">
            <span class="header-content">Methods in chronological order</span>
          </div> <!-- main-panel-header rounded-window-top -->
          <div class="main-panel-content rounded-window-bottom">
            <div class="chronological-class">
              <div class="chronological-class-name">tests.ProductPageTest</div> <!-- chronological-class-name -->
              <div class="configuration-class before">
                <span class="method-name">setup(org.testng.TestRunner@765df79d)</span>
                <span class="method-start">0 ms</span>
              </div> <!-- configuration-class before -->
              <div class="test-method">
                <img src="failed.png">
                </img>
                <span class="method-name">verifyAddToCart(standard_user, secret_sauce, yes)</span>
                <span class="method-start">5236 ms</span>
              </div> <!-- test-method -->
              <div class="test-method">
                <img src="failed.png">
                </img>
                <span class="method-name">verifyProceedToCheckout(standard_user, secret_sauce, yes)</span>
                <span class="method-start">6610 ms</span>
              </div> <!-- test-method -->
              <div class="configuration-test after">
                <span class="method-name">tearDown</span>
                <span class="method-start">6838 ms</span>
              </div> <!-- configuration-test after -->
              <div class="configuration-class before">
                <span class="method-name">setup(org.testng.TestRunner@151335cb)</span>
                <span class="method-start">7645 ms</span>
              </div> <!-- configuration-class before -->
              <div class="test-method">
                <span class="method-name">verifyContinueShopping(standard_user, secret_sauce, yes)</span>
                <span class="method-start">10240 ms</span>
              </div> <!-- test-method -->
              <div class="test-method">
                <img src="failed.png">
                </img>
                <span class="method-name">verifyAddToCart(standard_user, secret_sauce, yes)</span>
                <span class="method-start">11689 ms</span>
              </div> <!-- test-method -->
              <div class="test-method">
                <img src="failed.png">
                </img>
                <span class="method-name">verifyProceedToCheckout(standard_user, secret_sauce, yes)</span>
                <span class="method-start">12715 ms</span>
              </div> <!-- test-method -->
              <div class="configuration-test after">
                <span class="method-name">tearDown</span>
                <span class="method-start">12934 ms</span>
              </div> <!-- configuration-test after -->
          </div> <!-- main-panel-content rounded-window-bottom -->
        </div> <!-- panel -->
      </div> <!-- main-panel-root -->
    </div> <!-- wrapper -->
  </body>
</html>
